<?xml version="1.0" encoding="UTF-8"?>
<testng-results ignored="0" total="3" passed="3" failed="0" skipped="0">
  <reporter-output>
  </reporter-output>
  <suite started-at="2022-06-16T05:21:40 WAT" name="Default Suite" finished-at="2022-06-16T05:21:40 WAT" duration-ms="71">
    <groups>
    </groups>
    <test started-at="2022-06-16T05:21:40 WAT" name="FirstJavaProject" finished-at="2022-06-16T05:21:40 WAT" duration-ms="71">
      <class name="TestCases">
        <test-method signature="setup()[pri:0, instance:TestCases@77847718]" started-at="2022-06-16T05:21:40 WAT" name="setup" finished-at="2022-06-16T05:21:40 WAT" duration-ms="15" status="PASS">
          <reporter-output>
          </reporter-output>
        </test-method> <!-- setup -->
        <test-method signature="tearDown()[pri:0, instance:TestCases@77847718]" started-at="2022-06-16T05:21:40 WAT" name="tearDown" finished-at="2022-06-16T05:21:40 WAT" duration-ms="2" status="PASS">
          <reporter-output>
          </reporter-output>
        </test-method> <!-- tearDown -->
        <test-method signature="testSteps()[pri:0, instance:TestCases@77847718]" started-at="2022-06-16T05:21:40 WAT" name="testSteps" finished-at="2022-06-16T05:21:40 WAT" duration-ms="2" status="PASS">
          <reporter-output>
          </reporter-output>
        </test-method> <!-- testSteps -->
      </class> <!-- TestCases -->
    </test> <!-- FirstJavaProject -->
  </suite> <!-- Default Suite -->
</testng-results>
